Analysis & Synthesis report for main
Thu Sep 03 11:13:50 2020
Quartus II 64-Bit Version 13.0.1 Build 232 06/12/2013 Service Pack 1 SJ Full Version


---------------------
; Table of Contents ;
---------------------
  1. Legal Notice
  2. Analysis & Synthesis Summary
  3. Analysis & Synthesis Settings
  4. Parallel Compilation
  5. Analysis & Synthesis Source Files Read
  6. Analysis & Synthesis Resource Usage Summary
  7. Analysis & Synthesis Resource Utilization by Entity
  8. Registers Removed During Synthesis
  9. Removed Registers Triggering Further Register Optimizations
 10. General Register Statistics
 11. Inverted Register Statistics
 12. Multiplexer Restructuring Statistics (Restructuring Performed)
 13. Port Connectivity Checks: "key_handle:key7_u"
 14. Elapsed Time Per Partition
 15. Analysis & Synthesis Messages



----------------
; Legal Notice ;
----------------
Copyright (C) 1991-2013 Altera Corporation
Your use of Altera Corporation's design tools, logic functions 
and other software and tools, and its AMPP partner logic 
functions, and any output files from any of the foregoing 
(including device programming or simulation files), and any 
associated documentation or information are expressly subject 
to the terms and conditions of the Altera Program License 
Subscription Agreement, Altera MegaCore Function License 
Agreement, or other applicable license agreement, including, 
without limitation, that your use is for the sole purpose of 
programming logic devices manufactured by Altera and sold by 
Altera or its authorized distributors.  Please refer to the 
applicable agreement for further details.



+---------------------------------------------------------------------------------------+
; Analysis & Synthesis Summary                                                          ;
+------------------------------------+--------------------------------------------------+
; Analysis & Synthesis Status        ; Successful - Thu Sep 03 11:13:50 2020            ;
; Quartus II 64-Bit Version          ; 13.0.1 Build 232 06/12/2013 SP 1 SJ Full Version ;
; Revision Name                      ; main                                             ;
; Top-level Entity Name              ; main                                             ;
; Family                             ; Cyclone IV E                                     ;
; Total logic elements               ; 588                                              ;
;     Total combinational functions  ; 573                                              ;
;     Dedicated logic registers      ; 382                                              ;
; Total registers                    ; 382                                              ;
; Total pins                         ; 31                                               ;
; Total virtual pins                 ; 0                                                ;
; Total memory bits                  ; 0                                                ;
; Embedded Multiplier 9-bit elements ; 0                                                ;
; Total PLLs                         ; 0                                                ;
+------------------------------------+--------------------------------------------------+


+----------------------------------------------------------------------------------------------------------------------+
; Analysis & Synthesis Settings                                                                                        ;
+----------------------------------------------------------------------------+--------------------+--------------------+
; Option                                                                     ; Setting            ; Default Value      ;
+----------------------------------------------------------------------------+--------------------+--------------------+
; Device                                                                     ; EP4CE6E22A7        ;                    ;
; Top-level entity name                                                      ; main               ; main               ;
; Family name                                                                ; Cyclone IV E       ; Cyclone IV GX      ;
; Use smart compilation                                                      ; Off                ; Off                ;
; Enable parallel Assembler and TimeQuest Timing Analyzer during compilation ; On                 ; On                 ;
; Enable compact report table                                                ; Off                ; Off                ;
; Restructure Multiplexers                                                   ; Auto               ; Auto               ;
; Create Debugging Nodes for IP Cores                                        ; Off                ; Off                ;
; Preserve fewer node names                                                  ; On                 ; On                 ;
; Disable OpenCore Plus hardware evaluation                                  ; Off                ; Off                ;
; Verilog Version                                                            ; Verilog_2001       ; Verilog_2001       ;
; VHDL Version                                                               ; VHDL_1993          ; VHDL_1993          ;
; State Machine Processing                                                   ; Auto               ; Auto               ;
; Safe State Machine                                                         ; Off                ; Off                ;
; Extract Verilog State Machines                                             ; On                 ; On                 ;
; Extract VHDL State Machines                                                ; On                 ; On                 ;
; Ignore Verilog initial constructs                                          ; Off                ; Off                ;
; Iteration limit for constant Verilog loops                                 ; 5000               ; 5000               ;
; Iteration limit for non-constant Verilog loops                             ; 250                ; 250                ;
; Add Pass-Through Logic to Inferred RAMs                                    ; On                 ; On                 ;
; Infer RAMs from Raw Logic                                                  ; On                 ; On                 ;
; Parallel Synthesis                                                         ; On                 ; On                 ;
; DSP Block Balancing                                                        ; Auto               ; Auto               ;
; NOT Gate Push-Back                                                         ; On                 ; On                 ;
; Power-Up Don't Care                                                        ; On                 ; On                 ;
; Remove Redundant Logic Cells                                               ; Off                ; Off                ;
; Remove Duplicate Registers                                                 ; On                 ; On                 ;
; Ignore CARRY Buffers                                                       ; Off                ; Off                ;
; Ignore CASCADE Buffers                                                     ; Off                ; Off                ;
; Ignore GLOBAL Buffers                                                      ; Off                ; Off                ;
; Ignore ROW GLOBAL Buffers                                                  ; Off                ; Off                ;
; Ignore LCELL Buffers                                                       ; Off                ; Off                ;
; Ignore SOFT Buffers                                                        ; On                 ; On                 ;
; Limit AHDL Integers to 32 Bits                                             ; Off                ; Off                ;
; Optimization Technique                                                     ; Balanced           ; Balanced           ;
; Carry Chain Length                                                         ; 70                 ; 70                 ;
; Auto Carry Chains                                                          ; On                 ; On                 ;
; Auto Open-Drain Pins                                                       ; On                 ; On                 ;
; Perform WYSIWYG Primitive Resynthesis                                      ; Off                ; Off                ;
; Auto ROM Replacement                                                       ; On                 ; On                 ;
; Auto RAM Replacement                                                       ; On                 ; On                 ;
; Auto DSP Block Replacement                                                 ; On                 ; On                 ;
; Auto Shift Register Replacement                                            ; Auto               ; Auto               ;
; Allow Shift Register Merging across Hierarchies                            ; Auto               ; Auto               ;
; Auto Clock Enable Replacement                                              ; On                 ; On                 ;
; Strict RAM Replacement                                                     ; Off                ; Off                ;
; Allow Synchronous Control Signals                                          ; On                 ; On                 ;
; Force Use of Synchronous Clear Signals                                     ; Off                ; Off                ;
; Auto RAM Block Balancing                                                   ; On                 ; On                 ;
; Auto RAM to Logic Cell Conversion                                          ; Off                ; Off                ;
; Auto Resource Sharing                                                      ; Off                ; Off                ;
; Allow Any RAM Size For Recognition                                         ; Off                ; Off                ;
; Allow Any ROM Size For Recognition                                         ; Off                ; Off                ;
; Allow Any Shift Register Size For Recognition                              ; Off                ; Off                ;
; Use LogicLock Constraints during Resource Balancing                        ; On                 ; On                 ;
; Ignore translate_off and synthesis_off directives                          ; Off                ; Off                ;
; Timing-Driven Synthesis                                                    ; On                 ; On                 ;
; Report Parameter Settings                                                  ; On                 ; On                 ;
; Report Source Assignments                                                  ; On                 ; On                 ;
; Report Connectivity Checks                                                 ; On                 ; On                 ;
; Ignore Maximum Fan-Out Assignments                                         ; Off                ; Off                ;
; Synchronization Register Chain Length                                      ; 2                  ; 2                  ;
; PowerPlay Power Optimization                                               ; Normal compilation ; Normal compilation ;
; HDL message level                                                          ; Level2             ; Level2             ;
; Suppress Register Optimization Related Messages                            ; Off                ; Off                ;
; Number of Removed Registers Reported in Synthesis Report                   ; 5000               ; 5000               ;
; Number of Swept Nodes Reported in Synthesis Report                         ; 5000               ; 5000               ;
; Number of Inverted Registers Reported in Synthesis Report                  ; 100                ; 100                ;
; Clock MUX Protection                                                       ; On                 ; On                 ;
; Auto Gated Clock Conversion                                                ; Off                ; Off                ;
; Block Design Naming                                                        ; Auto               ; Auto               ;
; SDC constraint protection                                                  ; Off                ; Off                ;
; Synthesis Effort                                                           ; Auto               ; Auto               ;
; Shift Register Replacement - Allow Asynchronous Clear Signal               ; On                 ; On                 ;
; Pre-Mapping Resynthesis Optimization                                       ; Off                ; Off                ;
; Analysis & Synthesis Message Level                                         ; Medium             ; Medium             ;
; Disable Register Merging Across Hierarchies                                ; Auto               ; Auto               ;
; Resource Aware Inference For Block RAM                                     ; On                 ; On                 ;
; Synthesis Seed                                                             ; 1                  ; 1                  ;
+----------------------------------------------------------------------------+--------------------+--------------------+


+------------------------------------------+
; Parallel Compilation                     ;
+----------------------------+-------------+
; Processors                 ; Number      ;
+----------------------------+-------------+
; Number detected on machine ; 8           ;
; Maximum allowed            ; 4           ;
;                            ;             ;
; Average used               ; 1.00        ;
; Maximum used               ; 1           ;
;                            ;             ;
; Usage by Processor         ; % Time Used ;
;     Processor 1            ; 100.0%      ;
;     Processors 2-8         ;   0.0%      ;
+----------------------------+-------------+


+-----------------------------------------------------------------------------------------------------------------------------------------------------+
; Analysis & Synthesis Source Files Read                                                                                                              ;
+----------------------------------+-----------------+------------------------------+-------------------------------------------------------+---------+
; File Name with User-Entered Path ; Used in Netlist ; File Type                    ; File Name with Absolute Path                          ; Library ;
+----------------------------------+-----------------+------------------------------+-------------------------------------------------------+---------+
; Multi_8bits.v                    ; yes             ; User Verilog HDL File        ; C:/Users/92881/Desktop/20182334014/main/Multi_8bits.v ;         ;
; main.v                           ; yes             ; User Verilog HDL File        ; C:/Users/92881/Desktop/20182334014/main/main.v        ;         ;
; key_handle.v                     ; yes             ; Auto-Found Verilog HDL File  ; C:/Users/92881/Desktop/20182334014/main/key_handle.v  ;         ;
+----------------------------------+-----------------+------------------------------+-------------------------------------------------------+---------+


+-----------------------------------------------------------+
; Analysis & Synthesis Resource Usage Summary               ;
+---------------------------------------------+-------------+
; Resource                                    ; Usage       ;
+---------------------------------------------+-------------+
; Estimated Total logic elements              ; 588         ;
;                                             ;             ;
; Total combinational functions               ; 573         ;
; Logic element usage by number of LUT inputs ;             ;
;     -- 4 input functions                    ; 132         ;
;     -- 3 input functions                    ; 101         ;
;     -- <=2 input functions                  ; 340         ;
;                                             ;             ;
; Logic elements by mode                      ;             ;
;     -- normal mode                          ; 346         ;
;     -- arithmetic mode                      ; 227         ;
;                                             ;             ;
; Total registers                             ; 382         ;
;     -- Dedicated logic registers            ; 382         ;
;     -- I/O registers                        ; 0           ;
;                                             ;             ;
; I/O pins                                    ; 31          ;
; Embedded Multiplier 9-bit elements          ; 0           ;
; Maximum fan-out node                        ; Rst_n~input ;
; Maximum fan-out                             ; 371         ;
; Total fan-out                               ; 2709        ;
; Average fan-out                             ; 2.66        ;
+---------------------------------------------+-------------+


+-----------------------------------------------------------------------------------------------------------------------------------------------------------------------------------------------+
; Analysis & Synthesis Resource Utilization by Entity                                                                                                                                           ;
+---------------------------------+-------------------+--------------+-------------+--------------+---------+-----------+------+--------------+----------------------------------+--------------+
; Compilation Hierarchy Node      ; LC Combinationals ; LC Registers ; Memory Bits ; DSP Elements ; DSP 9x9 ; DSP 18x18 ; Pins ; Virtual Pins ; Full Hierarchy Name              ; Library Name ;
+---------------------------------+-------------------+--------------+-------------+--------------+---------+-----------+------+--------------+----------------------------------+--------------+
; |main                           ; 573 (359)         ; 382 (172)    ; 0           ; 0            ; 0       ; 0         ; 31   ; 0            ; |main                            ; work         ;
;    |Multi_8bits:Multi_8bits_U1| ; 182 (182)         ; 175 (175)    ; 0           ; 0            ; 0       ; 0         ; 0    ; 0            ; |main|Multi_8bits:Multi_8bits_U1 ; work         ;
;    |key_handle:key1_u|          ; 5 (5)             ; 5 (5)        ; 0           ; 0            ; 0       ; 0         ; 0    ; 0            ; |main|key_handle:key1_u          ; work         ;
;    |key_handle:key2_u|          ; 5 (5)             ; 5 (5)        ; 0           ; 0            ; 0       ; 0         ; 0    ; 0            ; |main|key_handle:key2_u          ; work         ;
;    |key_handle:key3_u|          ; 5 (5)             ; 5 (5)        ; 0           ; 0            ; 0       ; 0         ; 0    ; 0            ; |main|key_handle:key3_u          ; work         ;
;    |key_handle:key4_u|          ; 5 (5)             ; 5 (5)        ; 0           ; 0            ; 0       ; 0         ; 0    ; 0            ; |main|key_handle:key4_u          ; work         ;
;    |key_handle:key5_u|          ; 5 (5)             ; 5 (5)        ; 0           ; 0            ; 0       ; 0         ; 0    ; 0            ; |main|key_handle:key5_u          ; work         ;
;    |key_handle:key6_u|          ; 5 (5)             ; 5 (5)        ; 0           ; 0            ; 0       ; 0         ; 0    ; 0            ; |main|key_handle:key6_u          ; work         ;
;    |key_handle:key7_u|          ; 2 (2)             ; 5 (5)        ; 0           ; 0            ; 0       ; 0         ; 0    ; 0            ; |main|key_handle:key7_u          ; work         ;
+---------------------------------+-------------------+--------------+-------------+--------------+---------+-----------+------+--------------+----------------------------------+--------------+
Note: For table entries with two numbers listed, the numbers in parentheses indicate the number of resources of the given type used by the specific entity alone. The numbers listed outside of parentheses indicate the total resources of the given type used by the specific entity and all of its sub-entities in the hierarchy.


+-------------------------------------------------------------------------------------------+
; Registers Removed During Synthesis                                                        ;
+--------------------------------------------------+----------------------------------------+
; Register name                                    ; Reason for Removal                     ;
+--------------------------------------------------+----------------------------------------+
; Multi_8bits:Multi_8bits_U1|out_reg0[8..15]       ; Stuck at GND due to stuck port data_in ;
; Multi_8bits:Multi_8bits_U1|out_reg1[0,9..15]     ; Stuck at GND due to stuck port data_in ;
; Multi_8bits:Multi_8bits_U1|out_reg2[0,1,10..15]  ; Stuck at GND due to stuck port data_in ;
; Multi_8bits:Multi_8bits_U1|out_reg3[0..2,11..15] ; Stuck at GND due to stuck port data_in ;
; Multi_8bits:Multi_8bits_U1|out_reg4[0..3,12..15] ; Stuck at GND due to stuck port data_in ;
; Multi_8bits:Multi_8bits_U1|out_reg5[0..4,13..15] ; Stuck at GND due to stuck port data_in ;
; Multi_8bits:Multi_8bits_U1|out_reg6[0..5,14,15]  ; Stuck at GND due to stuck port data_in ;
; Multi_8bits:Multi_8bits_U1|out_reg7[0..6,15]     ; Stuck at GND due to stuck port data_in ;
; Multi_8bits:Multi_8bits_U1|out_reg01[10..15]     ; Stuck at GND due to stuck port data_in ;
; Multi_8bits:Multi_8bits_U1|out_reg23[0,1,12..15] ; Stuck at GND due to stuck port data_in ;
; Multi_8bits:Multi_8bits_U1|out_reg45[0..3,14,15] ; Stuck at GND due to stuck port data_in ;
; Multi_8bits:Multi_8bits_U1|out_reg67[0..5]       ; Stuck at GND due to stuck port data_in ;
; Multi_8bits:Multi_8bits_U1|out_reg4567[0]        ; Stuck at GND due to stuck port data_in ;
; Multi_8bits:Multi_8bits_U1|out_reg0123[13..15]   ; Stuck at GND due to stuck port data_in ;
; Multi_8bits:Multi_8bits_U1|out_reg4567[1..3]     ; Stuck at GND due to stuck port data_in ;
; SEG_LED[0]~reg0                                  ; Stuck at VCC due to stuck port data_in ;
; Multi_8bits:Multi_8bits_U1|clk_cnt[0]            ; Merged with cnt_200ms[0]               ;
; clk_cnt_8ms[0]                                   ; Merged with cnt_200ms[0]               ;
; clk_cnt_2ms[0]                                   ; Merged with cnt_200ms[0]               ;
; cnt[0]                                           ; Merged with cnt_200ms[0]               ;
; clk_cnt_2ms[1]                                   ; Merged with cnt_200ms[1]               ;
; clk_cnt_8ms[1]                                   ; Merged with cnt_200ms[1]               ;
; cnt[1]                                           ; Merged with cnt_200ms[1]               ;
; Multi_8bits:Multi_8bits_U1|clk_cnt[1]            ; Merged with cnt_200ms[1]               ;
; cnt[2]                                           ; Merged with clk_cnt_2ms[2]             ;
; Multi_8bits:Multi_8bits_U1|clk_cnt[2]            ; Merged with clk_cnt_2ms[2]             ;
; clk_cnt_8ms[2]                                   ; Merged with clk_cnt_2ms[2]             ;
; clk_cnt_2ms[2]                                   ; Merged with cnt_200ms[2]               ;
; clk_cnt_8ms[3]                                   ; Merged with clk_cnt_2ms[3]             ;
; cnt[3]                                           ; Merged with clk_cnt_2ms[3]             ;
; clk_cnt_2ms[3]                                   ; Merged with cnt_200ms[3]               ;
; cnt[4]                                           ; Merged with clk_cnt_8ms[4]             ;
; clk_cnt_8ms[4]                                   ; Merged with cnt_200ms[4]               ;
; cnt[5]                                           ; Merged with clk_cnt_8ms[5]             ;
; clk_cnt_8ms[5]                                   ; Merged with cnt_200ms[5]               ;
; cnt[6]                                           ; Merged with cnt_200ms[6]               ;
; Total Number of Removed Registers = 116          ;                                        ;
+--------------------------------------------------+----------------------------------------+


+-----------------------------------------------------------------------------------------------------------------------------------------------------------+
; Removed Registers Triggering Further Register Optimizations                                                                                               ;
+-----------------------------------------+---------------------------+-------------------------------------------------------------------------------------+
; Register name                           ; Reason for Removal        ; Registers Removed due to This Register                                              ;
+-----------------------------------------+---------------------------+-------------------------------------------------------------------------------------+
; Multi_8bits:Multi_8bits_U1|out_reg0[15] ; Stuck at GND              ; Multi_8bits:Multi_8bits_U1|out_reg01[15], Multi_8bits:Multi_8bits_U1|out_reg01[14], ;
;                                         ; due to stuck port data_in ; Multi_8bits:Multi_8bits_U1|out_reg01[13], Multi_8bits:Multi_8bits_U1|out_reg01[12], ;
;                                         ;                           ; Multi_8bits:Multi_8bits_U1|out_reg01[11], Multi_8bits:Multi_8bits_U1|out_reg01[10], ;
;                                         ;                           ; Multi_8bits:Multi_8bits_U1|out_reg0123[15],                                         ;
;                                         ;                           ; Multi_8bits:Multi_8bits_U1|out_reg0123[14],                                         ;
;                                         ;                           ; Multi_8bits:Multi_8bits_U1|out_reg0123[13]                                          ;
; Multi_8bits:Multi_8bits_U1|out_reg2[15] ; Stuck at GND              ; Multi_8bits:Multi_8bits_U1|out_reg23[15], Multi_8bits:Multi_8bits_U1|out_reg23[14], ;
;                                         ; due to stuck port data_in ; Multi_8bits:Multi_8bits_U1|out_reg23[13], Multi_8bits:Multi_8bits_U1|out_reg23[12]  ;
; Multi_8bits:Multi_8bits_U1|out_reg4[15] ; Stuck at GND              ; Multi_8bits:Multi_8bits_U1|out_reg45[15], Multi_8bits:Multi_8bits_U1|out_reg45[14]  ;
;                                         ; due to stuck port data_in ;                                                                                     ;
+-----------------------------------------+---------------------------+-------------------------------------------------------------------------------------+


+------------------------------------------------------+
; General Register Statistics                          ;
+----------------------------------------------+-------+
; Statistic                                    ; Value ;
+----------------------------------------------+-------+
; Total registers                              ; 382   ;
; Number of registers using Synchronous Clear  ; 6     ;
; Number of registers using Synchronous Load   ; 0     ;
; Number of registers using Asynchronous Clear ; 236   ;
; Number of registers using Asynchronous Load  ; 0     ;
; Number of registers using Clock Enable       ; 160   ;
; Number of registers using Preset             ; 0     ;
+----------------------------------------------+-------+


+---------------------------------------------------+
; Inverted Register Statistics                      ;
+-----------------------------------------+---------+
; Inverted Register                       ; Fan out ;
+-----------------------------------------+---------+
; LED[1]~reg0                             ; 5       ;
; LED[2]~reg0                             ; 4       ;
; LED[3]~reg0                             ; 6       ;
; LED[4]~reg0                             ; 5       ;
; LED[5]~reg0                             ; 6       ;
; LED[6]~reg0                             ; 5       ;
; LED[7]~reg0                             ; 5       ;
; LED[8]~reg0                             ; 4       ;
; SEG_NCS[1]~reg0                         ; 13      ;
; SEG_NCS[2]~reg0                         ; 15      ;
; SEG_NCS[3]~reg0                         ; 16      ;
; SEG_NCS[4]~reg0                         ; 15      ;
; SEG_NCS[5]~reg0                         ; 14      ;
; SEG_NCS[6]~reg0                         ; 8       ;
; SEG_LED[1]~reg0                         ; 1       ;
; SEG_LED[2]~reg0                         ; 1       ;
; SEG_LED[3]~reg0                         ; 1       ;
; SEG_LED[4]~reg0                         ; 1       ;
; SEG_LED[5]~reg0                         ; 1       ;
; SEG_LED[6]~reg0                         ; 1       ;
; SEG_LED[7]~reg0                         ; 1       ;
; key_handle:key6_u|key_sync_temp         ; 1       ;
; key_handle:key6_u|key_sync              ; 2       ;
; key_handle:key1_u|key_sync_temp         ; 1       ;
; key_handle:key1_u|key_sync              ; 2       ;
; key_handle:key2_u|key_sync_temp         ; 1       ;
; key_handle:key2_u|key_sync              ; 2       ;
; key_handle:key3_u|key_sync_temp         ; 1       ;
; key_handle:key3_u|key_sync              ; 2       ;
; key_handle:key4_u|key_sync_temp         ; 1       ;
; key_handle:key4_u|key_sync              ; 2       ;
; key_handle:key5_u|key_sync_temp         ; 1       ;
; key_handle:key5_u|key_sync              ; 2       ;
; key_handle:key6_u|key2                  ; 1       ;
; key_handle:key7_u|key_sync_temp         ; 1       ;
; key_handle:key7_u|key_sync              ; 2       ;
; key_handle:key1_u|key2                  ; 1       ;
; key_handle:key2_u|key2                  ; 1       ;
; key_handle:key3_u|key2                  ; 1       ;
; key_handle:key4_u|key2                  ; 1       ;
; key_handle:key5_u|key2                  ; 1       ;
; key_handle:key6_u|key1                  ; 1       ;
; key_handle:key7_u|key2                  ; 1       ;
; key_handle:key1_u|key1                  ; 1       ;
; key_handle:key2_u|key1                  ; 1       ;
; key_handle:key3_u|key1                  ; 1       ;
; key_handle:key4_u|key1                  ; 1       ;
; key_handle:key5_u|key1                  ; 1       ;
; key_handle:key7_u|key1                  ; 1       ;
; Total number of inverted registers = 49 ;         ;
+-----------------------------------------+---------+


+------------------------------------------------------------------------------------------------------------------------------------------+
; Multiplexer Restructuring Statistics (Restructuring Performed)                                                                           ;
+--------------------+-----------+---------------+----------------------+------------------------+------------+----------------------------+
; Multiplexer Inputs ; Bus Width ; Baseline Area ; Area if Restructured ; Saving if Restructured ; Registered ; Example Multiplexer Output ;
+--------------------+-----------+---------------+----------------------+------------------------+------------+----------------------------+
; 3:1                ; 8 bits    ; 16 LEs        ; 0 LEs                ; 16 LEs                 ; Yes        ; |main|y[5]                 ;
; 3:1                ; 2 bits    ; 4 LEs         ; 2 LEs                ; 2 LEs                  ; Yes        ; |main|flag_3[1]            ;
; 3:1                ; 8 bits    ; 16 LEs        ; 0 LEs                ; 16 LEs                 ; Yes        ; |main|x[1]                 ;
; 3:1                ; 2 bits    ; 4 LEs         ; 2 LEs                ; 2 LEs                  ; Yes        ; |main|flag_2[0]            ;
; 3:1                ; 2 bits    ; 4 LEs         ; 2 LEs                ; 2 LEs                  ; Yes        ; |main|state_cur[0]         ;
; 18:1               ; 4 bits    ; 48 LEs        ; 20 LEs               ; 28 LEs                 ; Yes        ; |main|num_disp[0]          ;
; 3:1                ; 2 bits    ; 4 LEs         ; 2 LEs                ; 2 LEs                  ; Yes        ; |main|SEG_NCS[6]~reg0      ;
; 3:1                ; 8 bits    ; 16 LEs        ; 16 LEs               ; 0 LEs                  ; Yes        ; |main|LED[1]~reg0          ;
; 4:1                ; 2 bits    ; 4 LEs         ; 2 LEs                ; 2 LEs                  ; Yes        ; |main|SEG_LED[6]~reg0      ;
; 10:1               ; 5 bits    ; 30 LEs        ; 20 LEs               ; 10 LEs                 ; Yes        ; |main|SEG_LED[7]~reg0      ;
; 8:1                ; 2 bits    ; 10 LEs        ; 6 LEs                ; 4 LEs                  ; Yes        ; |main|SEG_NCS[2]~reg0      ;
+--------------------+-----------+---------------+----------------------+------------------------+------------+----------------------------+


+-----------------------------------------------+
; Port Connectivity Checks: "key_handle:key7_u" ;
+----------+-------+----------+-----------------+
; Port     ; Type  ; Severity ; Details         ;
+----------+-------+----------+-----------------+
; rst_sync ; Input ; Info     ; Stuck at GND    ;
+----------+-------+----------+-----------------+


+-------------------------------+
; Elapsed Time Per Partition    ;
+----------------+--------------+
; Partition Name ; Elapsed Time ;
+----------------+--------------+
; Top            ; 00:00:01     ;
+----------------+--------------+


+-------------------------------+
; Analysis & Synthesis Messages ;
+-------------------------------+
Info: *******************************************************************
Info: Running Quartus II 64-Bit Analysis & Synthesis
    Info: Version 13.0.1 Build 232 06/12/2013 Service Pack 1 SJ Full Version
    Info: Processing started: Thu Sep 03 11:13:47 2020
Info: Command: quartus_map --read_settings_files=on --write_settings_files=off main -c main
Info (11104): Parallel Compilation has detected 8 hyper-threaded processors. However, the extra hyper-threaded processors will not be used by default. Parallel Compilation will use 4 of the 4 physical processors detected instead.
Warning (12019): Can't analyze file -- file key_debounce.v is missing
Info (12021): Found 1 design units, including 1 entities, in source file multi_8bits.v
    Info (12023): Found entity 1: Multi_8bits
Warning (12019): Can't analyze file -- file flow_led.v is missing
Warning (12019): Can't analyze file -- file Seg_Lut.v is missing
Warning (10275): Verilog HDL Module Instantiation warning at main.v(418): ignored dangling comma in List of Port Connections
Info (12021): Found 1 design units, including 1 entities, in source file main.v
    Info (12023): Found entity 1: main
Info (12127): Elaborating entity "main" for the top level hierarchy
Warning (10230): Verilog HDL assignment warning at main.v(214): truncated value with size 4 to match size of target (3)
Info (12128): Elaborating entity "Multi_8bits" for hierarchy "Multi_8bits:Multi_8bits_U1"
Warning (12125): Using design file key_handle.v, which is not specified as a design file for the current project, but contains definitions for 1 design units and 1 entities in project
    Info (12023): Found entity 1: key_handle
Info (12128): Elaborating entity "key_handle" for hierarchy "key_handle:key1_u"
Info (13000): Registers with preset signals will power-up high
Info (13003): DEV_CLRn pin will set, and not reset, register with preset signal due to NOT Gate Push-Back
Warning (13024): Output pins are stuck at VCC or GND
    Warning (13410): Pin "SEG_LED[0]" is stuck at VCC
Info (286030): Timing-Driven Synthesis is running
Info (16010): Generating hard_block partition "hard_block:auto_generated_inst"
    Info (16011): Adding 0 node(s), including 0 DDIO, 0 PLL, 0 transceiver and 0 LCELL
Info (21057): Implemented 619 device resources after synthesis - the final resource count might be different
    Info (21058): Implemented 9 input pins
    Info (21059): Implemented 22 output pins
    Info (21061): Implemented 588 logic cells
Info: Quartus II 64-Bit Analysis & Synthesis was successful. 0 errors, 8 warnings
    Info: Peak virtual memory: 4610 megabytes
    Info: Processing ended: Thu Sep 03 11:13:50 2020
    Info: Elapsed time: 00:00:03
    Info: Total CPU time (on all processors): 00:00:03


